\BOOKMARK [0][-]{chapter.1}{\376\377\000M\000a\000i\000n\000\040\000P\000a\000g\000e}{}% 1
\BOOKMARK [0][-]{chapter.2}{\376\377\000C\000l\000a\000s\000s\000\040\000I\000n\000d\000e\000x}{}% 2
\BOOKMARK [1][-]{section.2.1}{\376\377\000C\000l\000a\000s\000s\000\040\000L\000i\000s\000t}{chapter.2}% 3
\BOOKMARK [0][-]{chapter.3}{\376\377\000F\000i\000l\000e\000\040\000I\000n\000d\000e\000x}{}% 4
\BOOKMARK [1][-]{section.3.1}{\376\377\000F\000i\000l\000e\000\040\000L\000i\000s\000t}{chapter.3}% 5
\BOOKMARK [0][-]{chapter.4}{\376\377\000C\000l\000a\000s\000s\000\040\000D\000o\000c\000u\000m\000e\000n\000t\000a\000t\000i\000o\000n}{}% 6
\BOOKMARK [1][-]{section.4.1}{\376\377\000C\000B\000o\000a\000r\000d\000\040\000C\000l\000a\000s\000s\000\040\000R\000e\000f\000e\000r\000e\000n\000c\000e}{chapter.4}% 7
\BOOKMARK [2][-]{subsection.4.1.1}{\376\377\000D\000e\000t\000a\000i\000l\000e\000d\000\040\000D\000e\000s\000c\000r\000i\000p\000t\000i\000o\000n}{section.4.1}% 8
\BOOKMARK [2][-]{subsection.4.1.2}{\376\377\000C\000o\000n\000s\000t\000r\000u\000c\000t\000o\000r\000\040\000\046\000\040\000D\000e\000s\000t\000r\000u\000c\000t\000o\000r\000\040\000D\000o\000c\000u\000m\000e\000n\000t\000a\000t\000i\000o\000n}{section.4.1}% 9
\BOOKMARK [3][-]{subsubsection.4.1.2.1}{\376\377\000C\000B\000o\000a\000r\000d}{subsection.4.1.2}% 10
\BOOKMARK [3][-]{subsubsection.4.1.2.2}{\376\377\000C\000B\000o\000a\000r\000d}{subsection.4.1.2}% 11
\BOOKMARK [3][-]{subsubsection.4.1.2.3}{\376\377\000C\000B\000o\000a\000r\000d}{subsection.4.1.2}% 12
\BOOKMARK [2][-]{subsection.4.1.3}{\376\377\000M\000e\000m\000b\000e\000r\000\040\000F\000u\000n\000c\000t\000i\000o\000n\000\040\000D\000o\000c\000u\000m\000e\000n\000t\000a\000t\000i\000o\000n}{section.4.1}% 13
\BOOKMARK [3][-]{subsubsection.4.1.3.1}{\376\377\000A\000p\000p\000l\000y\000P\000o\000w\000e\000r\000U\000p}{subsection.4.1.3}% 14
\BOOKMARK [3][-]{subsubsection.4.1.3.2}{\376\377\000D\000i\000s\000p\000l\000a\000y}{subsection.4.1.3}% 15
\BOOKMARK [3][-]{subsubsection.4.1.3.3}{\376\377\000M\000o\000v\000e}{subsection.4.1.3}% 16
\BOOKMARK [3][-]{subsubsection.4.1.3.4}{\376\377\000P\000l\000a\000y\000R\000o\000u\000n\000d}{subsection.4.1.3}% 17
\BOOKMARK [3][-]{subsubsection.4.1.3.5}{\376\377\000S\000p\000a\000w\000n\000I\000t\000e\000m}{subsection.4.1.3}% 18
\BOOKMARK [3][-]{subsubsection.4.1.3.6}{\376\377\000U\000s\000e\000r\000I\000n\000p\000u\000t}{subsection.4.1.3}% 19
\BOOKMARK [2][-]{subsection.4.1.4}{\376\377\000M\000e\000m\000b\000e\000r\000\040\000D\000a\000t\000a\000\040\000D\000o\000c\000u\000m\000e\000n\000t\000a\000t\000i\000o\000n}{section.4.1}% 20
\BOOKMARK [3][-]{subsubsection.4.1.4.1}{\376\377\000P\000l\000a\000y\000e\000r\000H\000e\000r\000e}{subsection.4.1.4}% 21
\BOOKMARK [1][-]{section.4.2}{\376\377\000C\000F\000o\000r\000m\000\040\000C\000l\000a\000s\000s\000\040\000R\000e\000f\000e\000r\000e\000n\000c\000e}{chapter.4}% 22
\BOOKMARK [2][-]{subsection.4.2.1}{\376\377\000D\000e\000t\000a\000i\000l\000e\000d\000\040\000D\000e\000s\000c\000r\000i\000p\000t\000i\000o\000n}{section.4.2}% 23
\BOOKMARK [2][-]{subsection.4.2.2}{\376\377\000C\000o\000n\000s\000t\000r\000u\000c\000t\000o\000r\000\040\000\046\000\040\000D\000e\000s\000t\000r\000u\000c\000t\000o\000r\000\040\000D\000o\000c\000u\000m\000e\000n\000t\000a\000t\000i\000o\000n}{section.4.2}% 24
\BOOKMARK [3][-]{subsubsection.4.2.2.1}{\376\377\000C\000F\000o\000r\000m}{subsection.4.2.2}% 25
\BOOKMARK [3][-]{subsubsection.4.2.2.2}{\376\377\000C\000F\000o\000r\000m}{subsection.4.2.2}% 26
\BOOKMARK [2][-]{subsection.4.2.3}{\376\377\000M\000e\000m\000b\000e\000r\000\040\000F\000u\000n\000c\000t\000i\000o\000n\000\040\000D\000o\000c\000u\000m\000e\000n\000t\000a\000t\000i\000o\000n}{section.4.2}% 27
\BOOKMARK [3][-]{subsubsection.4.2.3.1}{\376\377\000D\000i\000s\000p\000l\000a\000y}{subsection.4.2.3}% 28
\BOOKMARK [1][-]{section.4.3}{\376\377\000C\000H\000e\000l\000p\000\040\000C\000l\000a\000s\000s\000\040\000R\000e\000f\000e\000r\000e\000n\000c\000e}{chapter.4}% 29
\BOOKMARK [2][-]{subsection.4.3.1}{\376\377\000D\000e\000t\000a\000i\000l\000e\000d\000\040\000D\000e\000s\000c\000r\000i\000p\000t\000i\000o\000n}{section.4.3}% 30
\BOOKMARK [2][-]{subsection.4.3.2}{\376\377\000C\000o\000n\000s\000t\000r\000u\000c\000t\000o\000r\000\040\000\046\000\040\000D\000e\000s\000t\000r\000u\000c\000t\000o\000r\000\040\000D\000o\000c\000u\000m\000e\000n\000t\000a\000t\000i\000o\000n}{section.4.3}% 31
\BOOKMARK [3][-]{subsubsection.4.3.2.1}{\376\377\000C\000H\000e\000l\000p}{subsection.4.3.2}% 32
\BOOKMARK [3][-]{subsubsection.4.3.2.2}{\376\377\000C\000H\000e\000l\000p}{subsection.4.3.2}% 33
\BOOKMARK [2][-]{subsection.4.3.3}{\376\377\000M\000e\000m\000b\000e\000r\000\040\000F\000u\000n\000c\000t\000i\000o\000n\000\040\000D\000o\000c\000u\000m\000e\000n\000t\000a\000t\000i\000o\000n}{section.4.3}% 34
\BOOKMARK [3][-]{subsubsection.4.3.3.1}{\376\377\000D\000i\000s\000p\000l\000a\000y\000H\000e\000l\000p}{subsection.4.3.3}% 35
\BOOKMARK [3][-]{subsubsection.4.3.3.2}{\376\377\000R\000e\000a\000d\000H\000e\000l\000p\000F\000i\000l\000e}{subsection.4.3.3}% 36
\BOOKMARK [1][-]{section.4.4}{\376\377\000C\000M\000e\000n\000u\000\040\000C\000l\000a\000s\000s\000\040\000R\000e\000f\000e\000r\000e\000n\000c\000e}{chapter.4}% 37
\BOOKMARK [2][-]{subsection.4.4.1}{\376\377\000D\000e\000t\000a\000i\000l\000e\000d\000\040\000D\000e\000s\000c\000r\000i\000p\000t\000i\000o\000n}{section.4.4}% 38
\BOOKMARK [2][-]{subsection.4.4.2}{\376\377\000C\000o\000n\000s\000t\000r\000u\000c\000t\000o\000r\000\040\000\046\000\040\000D\000e\000s\000t\000r\000u\000c\000t\000o\000r\000\040\000D\000o\000c\000u\000m\000e\000n\000t\000a\000t\000i\000o\000n}{section.4.4}% 39
\BOOKMARK [3][-]{subsubsection.4.4.2.1}{\376\377\000C\000M\000e\000n\000u}{subsection.4.4.2}% 40
\BOOKMARK [3][-]{subsubsection.4.4.2.2}{\376\377\000C\000M\000e\000n\000u}{subsection.4.4.2}% 41
\BOOKMARK [2][-]{subsection.4.4.3}{\376\377\000M\000e\000m\000b\000e\000r\000\040\000F\000u\000n\000c\000t\000i\000o\000n\000\040\000D\000o\000c\000u\000m\000e\000n\000t\000a\000t\000i\000o\000n}{section.4.4}% 42
\BOOKMARK [3][-]{subsubsection.4.4.3.1}{\376\377\000D\000i\000s\000p\000l\000a\000y}{subsection.4.4.3}% 43
\BOOKMARK [2][-]{subsection.4.4.4}{\376\377\000M\000e\000m\000b\000e\000r\000\040\000D\000a\000t\000a\000\040\000D\000o\000c\000u\000m\000e\000n\000t\000a\000t\000i\000o\000n}{section.4.4}% 44
\BOOKMARK [3][-]{subsubsection.4.4.4.1}{\376\377\000i\000t\000e\000m\000C\000o\000u\000n\000t}{subsection.4.4.4}% 45
\BOOKMARK [1][-]{section.4.5}{\376\377\000C\000S\000q\000u\000a\000r\000e\000\040\000C\000l\000a\000s\000s\000\040\000R\000e\000f\000e\000r\000e\000n\000c\000e}{chapter.4}% 46
\BOOKMARK [2][-]{subsection.4.5.1}{\376\377\000D\000e\000t\000a\000i\000l\000e\000d\000\040\000D\000e\000s\000c\000r\000i\000p\000t\000i\000o\000n}{section.4.5}% 47
\BOOKMARK [2][-]{subsection.4.5.2}{\376\377\000C\000o\000n\000s\000t\000r\000u\000c\000t\000o\000r\000\040\000\046\000\040\000D\000e\000s\000t\000r\000u\000c\000t\000o\000r\000\040\000D\000o\000c\000u\000m\000e\000n\000t\000a\000t\000i\000o\000n}{section.4.5}% 48
\BOOKMARK [3][-]{subsubsection.4.5.2.1}{\376\377\000C\000S\000q\000u\000a\000r\000e}{subsection.4.5.2}% 49
\BOOKMARK [2][-]{subsection.4.5.3}{\376\377\000M\000e\000m\000b\000e\000r\000\040\000F\000u\000n\000c\000t\000i\000o\000n\000\040\000D\000o\000c\000u\000m\000e\000n\000t\000a\000t\000i\000o\000n}{section.4.5}% 50
\BOOKMARK [3][-]{subsubsection.4.5.3.1}{\376\377\000A\000d\000d\000I\000t\000e\000m}{subsection.4.5.3}% 51
\BOOKMARK [3][-]{subsubsection.4.5.3.2}{\376\377\000C\000o\000n\000t\000a\000i\000n\000s\000B\000a\000r\000r\000i\000e\000r}{subsection.4.5.3}% 52
\BOOKMARK [3][-]{subsubsection.4.5.3.3}{\376\377\000C\000o\000n\000t\000a\000i\000n\000s\000I\000t\000e\000m}{subsection.4.5.3}% 53
\BOOKMARK [3][-]{subsubsection.4.5.3.4}{\376\377\000C\000o\000n\000t\000a\000i\000n\000s\000P\000l\000a\000y\000e\000r}{subsection.4.5.3}% 54
\BOOKMARK [3][-]{subsubsection.4.5.3.5}{\376\377\000C\000o\000n\000t\000a\000i\000n\000s\000P\000l\000a\000y\000e\000r}{subsection.4.5.3}% 55
\BOOKMARK [1][-]{section.4.6}{\376\377\000u\000s\000e\000r\000\137\000e\000x\000i\000t\000\040\000S\000t\000r\000u\000c\000t\000\040\000R\000e\000f\000e\000r\000e\000n\000c\000e}{chapter.4}% 56
\BOOKMARK [2][-]{subsection.4.6.1}{\376\377\000D\000e\000t\000a\000i\000l\000e\000d\000\040\000D\000e\000s\000c\000r\000i\000p\000t\000i\000o\000n}{section.4.6}% 57
\BOOKMARK [0][-]{chapter.5}{\376\377\000F\000i\000l\000e\000\040\000D\000o\000c\000u\000m\000e\000n\000t\000a\000t\000i\000o\000n}{}% 58
\BOOKMARK [1][-]{section.5.1}{\376\377\000s\000r\000c\000/\000b\000o\000a\000r\000d\000.\000c\000p\000p\000\040\000F\000i\000l\000e\000\040\000R\000e\000f\000e\000r\000e\000n\000c\000e}{chapter.5}% 59
\BOOKMARK [2][-]{subsection.5.1.1}{\376\377\000D\000e\000t\000a\000i\000l\000e\000d\000\040\000D\000e\000s\000c\000r\000i\000p\000t\000i\000o\000n}{section.5.1}% 60
\BOOKMARK [1][-]{section.5.2}{\376\377\000s\000r\000c\000/\000b\000o\000a\000r\000d\000.\000h\000p\000p\000\040\000F\000i\000l\000e\000\040\000R\000e\000f\000e\000r\000e\000n\000c\000e}{chapter.5}% 61
\BOOKMARK [2][-]{subsection.5.2.1}{\376\377\000D\000e\000t\000a\000i\000l\000e\000d\000\040\000D\000e\000s\000c\000r\000i\000p\000t\000i\000o\000n}{section.5.2}% 62
\BOOKMARK [1][-]{section.5.3}{\376\377\000s\000r\000c\000/\000c\000o\000m\000m\000o\000n\000.\000h\000p\000p\000\040\000F\000i\000l\000e\000\040\000R\000e\000f\000e\000r\000e\000n\000c\000e}{chapter.5}% 63
\BOOKMARK [2][-]{subsection.5.3.1}{\376\377\000D\000e\000t\000a\000i\000l\000e\000d\000\040\000D\000e\000s\000c\000r\000i\000p\000t\000i\000o\000n}{section.5.3}% 64
\BOOKMARK [1][-]{section.5.4}{\376\377\000s\000r\000c\000/\000c\000o\000n\000f\000m\000a\000n\000a\000g\000e\000r\000.\000c\000p\000p\000\040\000F\000i\000l\000e\000\040\000R\000e\000f\000e\000r\000e\000n\000c\000e}{chapter.5}% 65
\BOOKMARK [2][-]{subsection.5.4.1}{\376\377\000D\000e\000t\000a\000i\000l\000e\000d\000\040\000D\000e\000s\000c\000r\000i\000p\000t\000i\000o\000n}{section.5.4}% 66
\BOOKMARK [2][-]{subsection.5.4.2}{\376\377\000F\000u\000n\000c\000t\000i\000o\000n\000\040\000D\000o\000c\000u\000m\000e\000n\000t\000a\000t\000i\000o\000n}{section.5.4}% 67
\BOOKMARK [3][-]{subsubsection.5.4.2.1}{\376\377\000R\000e\000a\000d\000B\000a\000r\000r\000i\000e\000r\000A\000p\000p\000a\000r\000i\000t\000i\000o\000n\000F\000r\000e\000q\000u\000e\000n\000c\000y}{subsection.5.4.2}% 68
\BOOKMARK [3][-]{subsubsection.5.4.2.2}{\376\377\000R\000e\000a\000d\000B\000o\000a\000r\000d\000D\000i\000m\000e\000n\000s\000i\000o\000n\000s}{subsection.5.4.2}% 69
\BOOKMARK [3][-]{subsubsection.5.4.2.3}{\376\377\000R\000e\000a\000d\000D\000o\000t\000s\000F\000o\000r\000B\000a\000c\000k\000g\000r\000o\000u\000n\000d}{subsection.5.4.2}% 70
\BOOKMARK [3][-]{subsubsection.5.4.2.4}{\376\377\000R\000e\000a\000d\000I\000t\000e\000m\000A\000p\000p\000a\000r\000i\000t\000i\000o\000n\000F\000r\000e\000q\000u\000e\000n\000c\000y}{subsection.5.4.2}% 71
\BOOKMARK [3][-]{subsubsection.5.4.2.5}{\376\377\000R\000e\000a\000d\000I\000t\000e\000m\000C\000o\000l\000o\000r}{subsection.5.4.2}% 72
\BOOKMARK [3][-]{subsubsection.5.4.2.6}{\376\377\000R\000e\000a\000d\000P\000l\000a\000y\000e\000r\000C\000o\000l\000o\000r}{subsection.5.4.2}% 73
\BOOKMARK [3][-]{subsubsection.5.4.2.7}{\376\377\000R\000e\000a\000d\000S\000t\000a\000r\000t\000i\000n\000g\000P\000l\000a\000y\000e\000r}{subsection.5.4.2}% 74
\BOOKMARK [3][-]{subsubsection.5.4.2.8}{\376\377\000R\000e\000a\000d\000V\000a\000r\000i\000a\000b\000l\000e}{subsection.5.4.2}% 75
\BOOKMARK [3][-]{subsubsection.5.4.2.9}{\376\377\000W\000r\000i\000t\000e\000C\000o\000m\000m\000e\000n\000t\000I\000n\000F\000i\000l\000e}{subsection.5.4.2}% 76
\BOOKMARK [3][-]{subsubsection.5.4.2.10}{\376\377\000W\000r\000i\000t\000e\000F\000l\000o\000a\000t\000I\000n\000F\000i\000l\000e}{subsection.5.4.2}% 77
\BOOKMARK [3][-]{subsubsection.5.4.2.11}{\376\377\000W\000r\000i\000t\000e\000I\000n\000t\000I\000n\000F\000i\000l\000e}{subsection.5.4.2}% 78
\BOOKMARK [3][-]{subsubsection.5.4.2.12}{\376\377\000W\000r\000i\000t\000e\000V\000a\000r\000i\000a\000b\000l\000e}{subsection.5.4.2}% 79
\BOOKMARK [1][-]{section.5.5}{\376\377\000s\000r\000c\000/\000c\000o\000n\000f\000m\000a\000n\000a\000g\000e\000r\000.\000h\000p\000p\000\040\000F\000i\000l\000e\000\040\000R\000e\000f\000e\000r\000e\000n\000c\000e}{chapter.5}% 80
\BOOKMARK [2][-]{subsection.5.5.1}{\376\377\000D\000e\000t\000a\000i\000l\000e\000d\000\040\000D\000e\000s\000c\000r\000i\000p\000t\000i\000o\000n}{section.5.5}% 81
\BOOKMARK [2][-]{subsection.5.5.2}{\376\377\000F\000u\000n\000c\000t\000i\000o\000n\000\040\000D\000o\000c\000u\000m\000e\000n\000t\000a\000t\000i\000o\000n}{section.5.5}% 82
\BOOKMARK [3][-]{subsubsection.5.5.2.1}{\376\377\000R\000e\000a\000d\000B\000a\000r\000r\000i\000e\000r\000A\000p\000p\000a\000r\000i\000t\000i\000o\000n\000F\000r\000e\000q\000u\000e\000n\000c\000y}{subsection.5.5.2}% 83
\BOOKMARK [3][-]{subsubsection.5.5.2.2}{\376\377\000R\000e\000a\000d\000B\000o\000a\000r\000d\000D\000i\000m\000e\000n\000s\000i\000o\000n\000s}{subsection.5.5.2}% 84
\BOOKMARK [3][-]{subsubsection.5.5.2.3}{\376\377\000R\000e\000a\000d\000D\000o\000t\000s\000F\000o\000r\000B\000a\000c\000k\000g\000r\000o\000u\000n\000d}{subsection.5.5.2}% 85
\BOOKMARK [3][-]{subsubsection.5.5.2.4}{\376\377\000R\000e\000a\000d\000I\000t\000e\000m\000A\000p\000p\000a\000r\000i\000t\000i\000o\000n\000F\000r\000e\000q\000u\000e\000n\000c\000y}{subsection.5.5.2}% 86
\BOOKMARK [3][-]{subsubsection.5.5.2.5}{\376\377\000R\000e\000a\000d\000I\000t\000e\000m\000C\000o\000l\000o\000r}{subsection.5.5.2}% 87
\BOOKMARK [3][-]{subsubsection.5.5.2.6}{\376\377\000R\000e\000a\000d\000P\000l\000a\000y\000e\000r\000C\000o\000l\000o\000r}{subsection.5.5.2}% 88
\BOOKMARK [3][-]{subsubsection.5.5.2.7}{\376\377\000R\000e\000a\000d\000S\000t\000a\000r\000t\000i\000n\000g\000P\000l\000a\000y\000e\000r}{subsection.5.5.2}% 89
\BOOKMARK [3][-]{subsubsection.5.5.2.8}{\376\377\000R\000e\000a\000d\000V\000a\000r\000i\000a\000b\000l\000e}{subsection.5.5.2}% 90
\BOOKMARK [3][-]{subsubsection.5.5.2.9}{\376\377\000W\000r\000i\000t\000e\000C\000o\000m\000m\000e\000n\000t\000I\000n\000F\000i\000l\000e}{subsection.5.5.2}% 91
\BOOKMARK [3][-]{subsubsection.5.5.2.10}{\376\377\000W\000r\000i\000t\000e\000F\000l\000o\000a\000t\000I\000n\000F\000i\000l\000e}{subsection.5.5.2}% 92
\BOOKMARK [3][-]{subsubsection.5.5.2.11}{\376\377\000W\000r\000i\000t\000e\000I\000n\000t\000I\000n\000F\000i\000l\000e}{subsection.5.5.2}% 93
\BOOKMARK [3][-]{subsubsection.5.5.2.12}{\376\377\000W\000r\000i\000t\000e\000V\000a\000r\000i\000a\000b\000l\000e}{subsection.5.5.2}% 94
\BOOKMARK [1][-]{section.5.6}{\376\377\000s\000r\000c\000/\000f\000o\000r\000m\000.\000c\000p\000p\000\040\000F\000i\000l\000e\000\040\000R\000e\000f\000e\000r\000e\000n\000c\000e}{chapter.5}% 95
\BOOKMARK [2][-]{subsection.5.6.1}{\376\377\000D\000e\000t\000a\000i\000l\000e\000d\000\040\000D\000e\000s\000c\000r\000i\000p\000t\000i\000o\000n}{section.5.6}% 96
\BOOKMARK [1][-]{section.5.7}{\376\377\000s\000r\000c\000/\000f\000o\000r\000m\000.\000h\000p\000p\000\040\000F\000i\000l\000e\000\040\000R\000e\000f\000e\000r\000e\000n\000c\000e}{chapter.5}% 97
\BOOKMARK [2][-]{subsection.5.7.1}{\376\377\000D\000e\000t\000a\000i\000l\000e\000d\000\040\000D\000e\000s\000c\000r\000i\000p\000t\000i\000o\000n}{section.5.7}% 98
\BOOKMARK [1][-]{section.5.8}{\376\377\000s\000r\000c\000/\000h\000e\000l\000p\000.\000c\000p\000p\000\040\000F\000i\000l\000e\000\040\000R\000e\000f\000e\000r\000e\000n\000c\000e}{chapter.5}% 99
\BOOKMARK [2][-]{subsection.5.8.1}{\376\377\000D\000e\000t\000a\000i\000l\000e\000d\000\040\000D\000e\000s\000c\000r\000i\000p\000t\000i\000o\000n}{section.5.8}% 100
\BOOKMARK [1][-]{section.5.9}{\376\377\000s\000r\000c\000/\000h\000e\000l\000p\000.\000h\000p\000p\000\040\000F\000i\000l\000e\000\040\000R\000e\000f\000e\000r\000e\000n\000c\000e}{chapter.5}% 101
\BOOKMARK [2][-]{subsection.5.9.1}{\376\377\000D\000e\000t\000a\000i\000l\000e\000d\000\040\000D\000e\000s\000c\000r\000i\000p\000t\000i\000o\000n}{section.5.9}% 102
\BOOKMARK [1][-]{section.5.10}{\376\377\000s\000r\000c\000/\000m\000a\000i\000n\000.\000c\000p\000p\000\040\000F\000i\000l\000e\000\040\000R\000e\000f\000e\000r\000e\000n\000c\000e}{chapter.5}% 103
\BOOKMARK [2][-]{subsection.5.10.1}{\376\377\000D\000e\000t\000a\000i\000l\000e\000d\000\040\000D\000e\000s\000c\000r\000i\000p\000t\000i\000o\000n}{section.5.10}% 104
\BOOKMARK [1][-]{section.5.11}{\376\377\000s\000r\000c\000/\000m\000a\000i\000n\000.\000h\000p\000p\000\040\000F\000i\000l\000e\000\040\000R\000e\000f\000e\000r\000e\000n\000c\000e}{chapter.5}% 105
\BOOKMARK [2][-]{subsection.5.11.1}{\376\377\000D\000e\000t\000a\000i\000l\000e\000d\000\040\000D\000e\000s\000c\000r\000i\000p\000t\000i\000o\000n}{section.5.11}% 106
\BOOKMARK [1][-]{section.5.12}{\376\377\000s\000r\000c\000/\000m\000e\000n\000u\000.\000c\000p\000p\000\040\000F\000i\000l\000e\000\040\000R\000e\000f\000e\000r\000e\000n\000c\000e}{chapter.5}% 107
\BOOKMARK [2][-]{subsection.5.12.1}{\376\377\000D\000e\000t\000a\000i\000l\000e\000d\000\040\000D\000e\000s\000c\000r\000i\000p\000t\000i\000o\000n}{section.5.12}% 108
\BOOKMARK [1][-]{section.5.13}{\376\377\000s\000r\000c\000/\000m\000e\000n\000u\000.\000h\000p\000p\000\040\000F\000i\000l\000e\000\040\000R\000e\000f\000e\000r\000e\000n\000c\000e}{chapter.5}% 109
\BOOKMARK [2][-]{subsection.5.13.1}{\376\377\000D\000e\000t\000a\000i\000l\000e\000d\000\040\000D\000e\000s\000c\000r\000i\000p\000t\000i\000o\000n}{section.5.13}% 110
\BOOKMARK [1][-]{section.5.14}{\376\377\000s\000r\000c\000/\000s\000q\000u\000a\000r\000e\000.\000c\000p\000p\000\040\000F\000i\000l\000e\000\040\000R\000e\000f\000e\000r\000e\000n\000c\000e}{chapter.5}% 111
\BOOKMARK [2][-]{subsection.5.14.1}{\376\377\000D\000e\000t\000a\000i\000l\000e\000d\000\040\000D\000e\000s\000c\000r\000i\000p\000t\000i\000o\000n}{section.5.14}% 112
\BOOKMARK [1][-]{section.5.15}{\376\377\000s\000r\000c\000/\000s\000q\000u\000a\000r\000e\000.\000h\000p\000p\000\040\000F\000i\000l\000e\000\040\000R\000e\000f\000e\000r\000e\000n\000c\000e}{chapter.5}% 113
\BOOKMARK [2][-]{subsection.5.15.1}{\376\377\000D\000e\000t\000a\000i\000l\000e\000d\000\040\000D\000e\000s\000c\000r\000i\000p\000t\000i\000o\000n}{section.5.15}% 114
\BOOKMARK [0][-]{section*.27}{\376\377\000I\000n\000d\000e\000x}{}% 115
